  2 ^4
  1 ^2
  0 ^^2
  2 ^
  1 ^2
  1 ^2
  2 ^2
 69 ^2
  0 ^^^2
  1 ^2
  2 ^2
 69 ^1
  2 ^2
  0 ^^^2
  0 ^^^2
  0 2
  2 2
  2 1
  2 2
 87 1
 87 2
  2 3
  0 2
 96 3
 42 1
 37 1
 37 4
 38 1
  2 2
  2 2
 26 
 61 
 27 
 26 
 61 
 26 
 61 
 61 
 26 
 61 
 26 
 26 
 61 
 42 4
 26 -
 26 
 61 
 62 
 26 
 61 
 26 
 61 
 90 2
 26 
 61 
 26 
 61 
 63 
 26 
 27 
 62 
 27 
128 
 26 
 61 
  2 1
 38 1
 86 2
  8 1
 63 
 26 
 27 
 62 
 90 3
176 2
187 2
  0 2
 69 1
 27 
  2 1
 27 
  2 1
 38 1
 38 1
 52 1
  0 2
  2 2
 38 2
 26 
 61 
 61 
 27 
 62 
 27 
 26 
 63 
 26 
  2 2
 61 
 12 2
 37 1
 26 
 61 
 69 1
163 2
 26 
 61 
 85 
 63 
 27 
 27 
 62 
 42 1
 31 2
 90 1
 90 3
 35 1
 61 
  2 1
  6 2
 37 
 26 
 61 
 91 2
 37 1
 27 
159 
  6 3
 62 
 26 
 61 
 63 
 26 
 61 
 27 
159 
 27 
 90 1
  2 2
 90 
  2 3
 38 3
 87 2
 90 3
  2 3
 91 2
 62 
  2 1
 38 1
  2 1
 38 1
 27 
128 
 26 
 61 
 69 2
 27 
 31 1
 69 1
  2 1
 87 1
  2 1
 87 1
 62 
 26 
 61 
 27 
 26 
 27 
159 
  6 1
 38 1
 44 
 34 1
 61 
 91 1
 26 
 26 
  6 3
 38 1
 38 2
 52 1
 52 2
  2 1
 38 1
 26 
 63 
 26 
 61 
 61 
 91 4
 26 
 61 
 26 
 40 2
 26 
 61 
 62 
 63 
 26 
  0 2
 90 -
  2 1
 87 1
  2 1
 87 1
 26 
 69 1
  2 4
 38 4
 61 
  2 1
 38 1
  0 2
 26 
 61 
 90 2
 26 
 61 
  0 2
 34 2
 35 3
  0 2
 87 1
204 2
  2 2
  2 2
 87 2
 26 
 61 
125 1
 26 
 61 
  1 2
  0 2
 61 
 52 2
 10 1
  2 1
 63 
  4 
163 
 44 
 26 
 63 
 26 
 61 
 36 2
 44 2
 37 1
 38 4
 52 5
 37 
  2 2
 38 2
163 
  8 2
157 1
 37 2
  6 2
  0 2
 42 2
  1 2
 26 
 27 
 62 
 26 
 61 
 37 
 12 1
146 2
 61 
 27 
 61 
 26 
 61 
 63 
 26 
 61 
  2 3
 27 
128 
 62 
 26 
 26 
 61 
  2 2
 87 2
 91 1
 27 
  0 2
 26 
 61 
 26 
 61 
  0 -2
 90 
 27 
128 
 26 
 61 
 27 
 27 
 26 
 61 
 31 2
 63 
 26 
  2 2
 68 2
 44 1
 90 
  2 2
 27 
  2 1
 38 1
 26 
 61 
 27 
 62 
 26 
 61 
 26 
 61 
 26 
 26 
 61 
 26 
 61 
 27 
 26 
 63 
 26 
 26 
 61 
 26 
 61 
 26 
 27 
 62 
 27 
128 
 42 1
 31 
 69 1
 69 3
 38 2
 52 2
152 
230 
 26 
 27 
143 
 27 
128 
 44 
  8 2
 27 
 11 2
  2 1
  2 3
 87 1
 87 3
  2 2
 26 
 87 2
 26 
 61 
 61 
  2 1
 38 1
 27 
 62 
 26 
 61 
 27 
 62 
 62 
  0 2
  0 2
  8 2
  8 2
 26 
 61 
 90 1
 90 2
 90 3
  2 1
 87 1
 37 
 26 
 37 
 27 
 62 
 44 1
 37 1
 26 
 61 
 42 1
 27 
 62 
 90 1
 26 
 61 
 26 
 61 
 26 
 61 
 63 
 26 
 26 
 27 
128 
 37 2
 63 
 26 
 90 3
  0 2
 87 1
 90 2
 26 
 42 2
  1 2
 27 
 62 
 62 
 26 
 87 1
 90 2
 31 2
 69 2
 26 
 61 
 27 
  2 1
 62 
 26 
 61 
 27 
 27 
 62 
 37 
  2 2
 27 
 27 
 62 
 27 
 62 
 27 
 27 
128 
 44 1
 44 2
 26 
 61 
 27 
 62 
 27 
 62 
 61 
  2 1
 87 1
  2 1
 38 1
  2 1
 61 
  2 2
 26 
 61 
 26 
 37 
 26 
  2 
 87 
  2 1
  2 1
 87 
  2 
 87 
 41 2
 27 
128 
 26 
 63 
 27 
128 1
 26 
 61 
 27 
 62 
 63 
 26 
  2 2
 87 2
 38 2
 52 2
 26 
 61 
163 
 63 
 26 
 63 
 26 
 26 
 61 
  2 2
 38 2
 61 
 27 
 62 
 26 
 61 
  2 2
 37 1
  2 2
  6 2
 63 
 26 
 26 
 63 
 26 
 90 1
 90 2
 26 
 61 
 26 
 61 
 38 2
 52 2
  0 3
 85 
  0 2
 27 
 62 
 90 2
  2 1
 38 1
  6 2
 27 
 62 
 26 
 61 
 27 
 38 4
  2 2
 87 2
 27 
 62 
  0 ^^^2
 37 1
 26 
 61 
  2 2
 38 2
  0 2
 16 2
  0 2
  0 2
  2 2
 87 2
163 
  0 2
  2 2
 61 -
  2 2
 35 2
  2 2
 87 2
  2 3
 26 
 26 
 61 
 62 
 26 
 61 
 90 1
 87 2
 26 
  2 2
 87 2
 27 
128 
 31 2
 26 
 61 
 26 
 27 
 26 
 61 
 26 
 26 
 61 
 27 
  2 2
 91 2
 42 2
 37 
  2 
 87 2
  0 2
  0 2
 63 
 26 
 87 2
104 2
 26 
 61 
 63 
 26 
  0 2
  2 2
 38 2
 63 
 26 
  2 3
 38 3
 26 
 61 
 26 
 61 
  2 2
 87 2
 62 
  2 1
 87 1
 27 
159 
 61 
 42 2
  2 2
  6 2
  8 2
 42 2
 44 3
  0 2
  0 2
  2 2
 27 
128 
 90 -
 90 2
  2 2
  2 1
 38 1
 38 2
