                  605946
                1152
                 229
                194
               158
              108
                90
                39
                 39
                 64
                 53
            18
                13
                  7
                 7
                 32
               4
               3
                3
                6
               40
                 2
                2
              0
                  2
            0
               0
             0
                2
              2
             0
             0
              0
                  0
           0
               0
             7
-             0
-              0
             0
                 0
                 0
             1
              0
             0
           0
             0
          0
                0
91.0% fertile reflexives
